<?xml version="1.0" encoding="UTF-8"?>
<!-- Generated by org.testng.reporters.JUnitReportReporter -->
<testsuite hostname="DESKTOP-42AG044" failures="0" tests="1" name="Runner.TestRunner" time="28.482" errors="0" timestamp="2023-11-30T15:50:57 IST" skipped="0">
  <testcase classname="Runner.TestRunner" name="runScenario" time="28.482"/>
</testsuite> <!-- Runner.TestRunner -->
